# JRE version: Java(TM) SE Runtime Environment (17.0.12+8) (build 17.0.12+8-LTS-286)
# Java VM: Java HotSpot(TM) 64-Bit Server VM (17.0.12+8-LTS-286, mixed mode, emulated-client, sharing, tiered, compressed oops, compressed class ptrs, g1 gc, windows-amd64)
GC Precious Log:
 CPUs: 18 total, 18 available
 Memory: 15989M
 Large Page Support: Disabled
 NUMA Support: Disabled
 Compressed Oops: Enabled (Zero based)
 Heap Region Size: 2M
 Heap Min Capacity: 8M
 Heap Initial Capacity: 250M
 Heap Max Capacity: 3998M
 Pre-touch: Disabled
 Parallel Workers: 14
 Concurrent Workers: 4
 Concurrent Refinement Workers: 14
 Periodic GC: Disabled
Heap:
 garbage-first heap   total 256000K, used 83226K [0x0000000706200000, 0x0000000800000000)
  region size 2048K, 1 young (2048K), 1 survivors (2048K)
 Metaspace       used 92022K, committed 92736K, reserved 1179648K
  class space    used 13308K, committed 13632K, reserved 1048576K
GC Heap History (20 events):
Event: 32.780 GC heap after
{Heap after GC invocations=35 (full 0):
 garbage-first heap   total 106496K, used 59410K [0x0000000706200000, 0x0000000800000000)
  region size 2048K, 2 young (4096K), 2 survivors (4096K)
 Metaspace       used 88786K, committed 89408K, reserved 1179648K
  class space    used 12880K, committed 13184K, reserved 1048576K
}
Event: 33.752 GC heap before
{Heap before GC invocations=36 (full 0):
 garbage-first heap   total 106496K, used 88082K [0x0000000706200000, 0x0000000800000000)
  region size 2048K, 16 young (32768K), 2 survivors (4096K)
 Metaspace       used 91523K, committed 92096K, reserved 1179648K
  class space    used 13245K, committed 13504K, reserved 1048576K
}
Event: 33.756 GC heap after
{Heap after GC invocations=37 (full 0):
 garbage-first heap   total 106496K, used 61444K [0x0000000706200000, 0x0000000800000000)
  region size 2048K, 2 young (4096K), 2 survivors (4096K)
 Metaspace       used 91523K, committed 92096K, reserved 1179648K
  class space    used 13245K, committed 13504K, reserved 1048576K
}
Event: 34.029 GC heap before
{Heap before GC invocations=37 (full 0):
 garbage-first heap   total 106496K, used 83972K [0x0000000706200000, 0x0000000800000000)
  region size 2048K, 14 young (28672K), 2 survivors (4096K)
 Metaspace       used 91929K, committed 92608K, reserved 1179648K
  class space    used 13294K, committed 13632K, reserved 1048576K
}
Event: 34.037 GC heap after
{Heap after GC invocations=38 (full 0):
 garbage-first heap   total 106496K, used 66854K [0x0000000706200000, 0x0000000800000000)
  region size 2048K, 2 young (4096K), 2 survivors (4096K)
 Metaspace       used 91929K, committed 92608K, reserved 1179648K
  class space    used 13294K, committed 13632K, reserved 1048576K
}
Event: 34.221 GC heap before
{Heap before GC invocations=39 (full 0):
 garbage-first heap   total 126976K, used 83238K [0x0000000706200000, 0x0000000800000000)
  region size 2048K, 11 young (22528K), 2 survivors (4096K)
 Metaspace       used 91929K, committed 92608K, reserved 1179648K
  class space    used 13294K, committed 13632K, reserved 1048576K
}
Event: 34.228 GC heap after
{Heap after GC invocations=40 (full 0):
 garbage-first heap   total 126976K, used 70989K [0x0000000706200000, 0x0000000800000000)
  region size 2048K, 2 young (4096K), 2 survivors (4096K)
 Metaspace       used 91929K, committed 92608K, reserved 1179648K
  class space    used 13294K, committed 13632K, reserved 1048576K
}
Event: 34.560 GC heap before
{Heap before GC invocations=40 (full 0):
 garbage-first heap   total 126976K, used 97613K [0x0000000706200000, 0x0000000800000000)
  region size 2048K, 16 young (32768K), 2 survivors (4096K)
 Metaspace       used 91929K, committed 92608K, reserved 1179648K
  class space    used 13294K, committed 13632K, reserved 1048576K
}
Event: 34.564 GC heap after
{Heap after GC invocations=41 (full 0):
 garbage-first heap   total 155648K, used 76515K [0x0000000706200000, 0x0000000800000000)
  region size 2048K, 2 young (4096K), 2 survivors (4096K)
 Metaspace       used 91929K, committed 92608K, reserved 1179648K
  class space    used 13294K, committed 13632K, reserved 1048576K
}
Event: 35.007 GC heap before
{Heap before GC invocations=42 (full 0):
 garbage-first heap   total 155648K, used 115427K [0x0000000706200000, 0x0000000800000000)
  region size 2048K, 22 young (45056K), 2 survivors (4096K)
 Metaspace       used 92018K, committed 92672K, reserved 1179648K
  class space    used 13307K, committed 13632K, reserved 1048576K
}
Event: 35.021 GC heap after
{Heap after GC invocations=43 (full 0):
 garbage-first heap   total 155648K, used 88320K [0x0000000706200000, 0x0000000800000000)
  region size 2048K, 3 young (6144K), 3 survivors (6144K)
 Metaspace       used 92018K, committed 92672K, reserved 1179648K
  class space    used 13307K, committed 13632K, reserved 1048576K
}
Event: 35.028 GC heap before
{Heap before GC invocations=43 (full 0):
 garbage-first heap   total 155648K, used 90368K [0x0000000706200000, 0x0000000800000000)
  region size 2048K, 4 young (8192K), 3 survivors (6144K)
 Metaspace       used 92018K, committed 92672K, reserved 1179648K
  class space    used 13307K, committed 13632K, reserved 1048576K
}
Event: 35.037 GC heap after
{Heap after GC invocations=44 (full 0):
 garbage-first heap   total 155648K, used 89824K [0x0000000706200000, 0x0000000800000000)
  region size 2048K, 1 young (2048K), 1 survivors (2048K)
 Metaspace       used 92018K, committed 92672K, reserved 1179648K
  class space    used 13307K, committed 13632K, reserved 1048576K
}
Event: 35.206 GC heap before
{Heap before GC invocations=44 (full 0):
 garbage-first heap   total 155648K, used 116448K [0x0000000706200000, 0x0000000800000000)
  region size 2048K, 15 young (30720K), 1 survivors (2048K)
 Metaspace       used 92018K, committed 92672K, reserved 1179648K
  class space    used 13307K, committed 13632K, reserved 1048576K
}
Event: 35.210 GC heap after
{Heap after GC invocations=45 (full 0):
 garbage-first heap   total 155648K, used 95157K [0x0000000706200000, 0x0000000800000000)
  region size 2048K, 2 young (4096K), 2 survivors (4096K)
 Metaspace       used 92018K, committed 92672K, reserved 1179648K
  class space    used 13307K, committed 13632K, reserved 1048576K
}
Event: 35.592 GC heap before
{Heap before GC invocations=46 (full 0):
 garbage-first heap   total 172032K, used 117685K [0x0000000706200000, 0x0000000800000000)
  region size 2048K, 15 young (30720K), 2 survivors (4096K)
 Metaspace       used 92022K, committed 92736K, reserved 1179648K
  class space    used 13308K, committed 13632K, reserved 1048576K
}
Event: 35.596 GC heap after
{Heap after GC invocations=47 (full 0):
 garbage-first heap   total 172032K, used 98649K [0x0000000706200000, 0x0000000800000000)
  region size 2048K, 2 young (4096K), 2 survivors (4096K)
 Metaspace       used 92022K, committed 92736K, reserved 1179648K
  class space    used 13308K, committed 13632K, reserved 1048576K
}
Event: 35.607 GC heap before
{Heap before GC invocations=47 (full 0):
 garbage-first heap   total 172032K, used 102745K [0x0000000706200000, 0x0000000800000000)
  region size 2048K, 4 young (8192K), 2 survivors (4096K)
 Metaspace       used 92022K, committed 92736K, reserved 1179648K
  class space    used 13308K, committed 13632K, reserved 1048576K
}
Event: 35.612 GC heap after
{Heap after GC invocations=48 (full 0):
 garbage-first heap   total 172032K, used 83022K [0x0000000706200000, 0x0000000800000000)
  region size 2048K, 1 young (2048K), 1 survivors (2048K)
 Metaspace       used 92022K, committed 92736K, reserved 1179648K
  class space    used 13308K, committed 13632K, reserved 1048576K
}
Event: 35.633 GC heap before
{Heap before GC invocations=48 (full 0):
 garbage-first heap   total 172032K, used 89166K [0x0000000706200000, 0x0000000800000000)
  region size 2048K, 4 young (8192K), 1 survivors (2048K)
 Metaspace       used 92022K, committed 92736K, reserved 1179648K
  class space    used 13308K, committed 13632K, reserved 1048576K
}

